#-----------------------------------------------------------
# Vivado v2017.4 (64-bit)
# SW Build 2086221 on Fri Dec 15 20:55:39 MST 2017
# IP Build 2085800 on Fri Dec 15 22:25:07 MST 2017
# Start of session at: Sat Oct 19 17:01:04 2019
# Process ID: 8900
# Current directory: G:/deverlopboard/a35t_code/hdmi_rx_it6802_tohdmi
# Command line: vivado.exe -gui_launcher_event rodinguilauncherevent10360 G:\deverlopboard\a35t_code\hdmi_rx_it6802_tohdmi\hdmi_rx_it6802.xpr
# Log file: G:/deverlopboard/a35t_code/hdmi_rx_it6802_tohdmi/vivado.log
# Journal file: G:/deverlopboard/a35t_code/hdmi_rx_it6802_tohdmi\vivado.jou
#-----------------------------------------------------------
start_gui
open_project G:/deverlopboard/a35t_code/hdmi_rx_it6802_tohdmi/hdmi_rx_it6802.xpr
INFO: [Project 1-313] Project file moved from 'G:/deverlopboard/a35t_code/hdmi_rx_it6802' since last save.
Scanning sources...
Finished scanning sources
INFO: [IP_Flow 19-234] Refreshing IP repositories
INFO: [IP_Flow 19-1704] No user IP repositories specified
INFO: [IP_Flow 19-2313] Loaded Vivado IP repository 'C:/Xilinx/Vivado/2017.4/data/ip'.
WARNING: [IP_Flow 19-2162] IP 'HDMI_FPGA_ML_A7_0' is locked:
* IP definition 'HDMI_FPGA_ML_A7 (1.0)' for IP 'HDMI_FPGA_ML_A7_0' (customized with software release 2016.4) was not found in the IP Catalog.
* Current project part 'xc7a35tftg256-2' and the part 'xc7a75tfgg484-2' used to customize the IP 'HDMI_FPGA_ML_A7_0' do not match.
Please select 'Report IP Status' from the 'Tools/Report' menu or run Tcl command 'report_ip_status' for more information.
open_project: Time (s): cpu = 00:00:13 ; elapsed = 00:00:09 . Memory (MB): peak = 893.887 ; gain = 173.875
update_compile_order -fileset sources_1
open_hw
connect_hw_server
INFO: [Labtools 27-2285] Connecting to hw_server url TCP:localhost:3121
open_hw_target
INFO: [Labtoolstcl 44-466] Opening hw_target localhost:3121/xilinx_tcf/Digilent/210299011758
set_property PROGRAM.FILE {G:/deverlopboard/a35t_code/hdmi_rx_it6802_tohdmi/hdmi_rx_it6802.runs/impl_2/hdmi_rx.bit} [get_hw_devices xc7a35t_0]
set_property PROBES.FILE {G:/deverlopboard/a35t_code/hdmi_rx_it6802_tohdmi/hdmi_rx_it6802.runs/impl_2/hdmi_rx.ltx} [get_hw_devices xc7a35t_0]
set_property FULL_PROBES.FILE {G:/deverlopboard/a35t_code/hdmi_rx_it6802_tohdmi/hdmi_rx_it6802.runs/impl_2/hdmi_rx.ltx} [get_hw_devices xc7a35t_0]
current_hw_device [get_hw_devices xc7a35t_0]
refresh_hw_device [lindex [get_hw_devices xc7a35t_0] 0]
INFO: [Labtools 27-2302] Device xc7a35t (JTAG device index = 0) is programmed with a design that has 1 ILA core(s).
INFO: [Labtools 27-2302] Device xc7a35t (JTAG device index = 0) is programmed with a design that has 1 VIO core(s).
create_hw_cfgmem -hw_device [lindex [get_hw_devices] 0] -mem_dev [lindex [get_cfgmem_parts {s25fl032p-spi-x1_x2_x4}] 0]
display_hw_ila_data [ get_hw_ila_data hw_ila_data_1 -of_objects [get_hw_ilas -of_objects [get_hw_devices xc7a35t_0] -filter {CELL_NAME=~"u_ila"}]]
INFO: [Labtools 27-3304] ILA Waveform data saved to file G:/deverlopboard/a35t_code/hdmi_rx_it6802_tohdmi/hdmi_rx_it6802.hw/backup/hw_ila_data_1.ila. Use Tcl command 'import_hw_ila_data' or Vivado File->Import->Import ILA Data menu item to import the previously saved data.
set_property PROBES.FILE {G:/deverlopboard/a35t_code/hdmi_rx_it6802_tohdmi/hdmi_rx_it6802.runs/impl_2/hdmi_rx.ltx} [get_hw_devices xc7a35t_0]
set_property FULL_PROBES.FILE {G:/deverlopboard/a35t_code/hdmi_rx_it6802_tohdmi/hdmi_rx_it6802.runs/impl_2/hdmi_rx.ltx} [get_hw_devices xc7a35t_0]
set_property PROGRAM.FILE {G:/deverlopboard/a35t_code/hdmi_rx_it6802_tohdmi/hdmi_rx_it6802.runs/impl_2/hdmi_rx.bit} [get_hw_devices xc7a35t_0]
program_hw_devices [get_hw_devices xc7a35t_0]
INFO: [Labtools 27-3164] End of startup status: HIGH
refresh_hw_device [lindex [get_hw_devices xc7a35t_0] 0]
INFO: [Labtools 27-2302] Device xc7a35t (JTAG device index = 0) is programmed with a design that has 1 ILA core(s).
INFO: [Labtools 27-2302] Device xc7a35t (JTAG device index = 0) is programmed with a design that has 1 VIO core(s).
INFO: [Labtools 27-3304] ILA Waveform data saved to file G:/deverlopboard/a35t_code/hdmi_rx_it6802_tohdmi/hdmi_rx_it6802.hw/backup/hw_ila_data_1.ila. Use Tcl command 'import_hw_ila_data' or Vivado File->Import->Import ILA Data menu item to import the previously saved data.
WARNING: [Labtools 27-1952] VIO hw_probe OUTPUT_VALUE properties for hw_vio(s) [hw_vio_1] differ from output values in the VIO core(s).
Resolution: 
To synchronize the hw_probes properties and the VIO core outputs choose one of the following alternatives:
  1) Execute the command 'Commit Output Values to VIO Core', to write down the hw_probe values to the core.
  2) Execute the command 'Refresh Input and Output Values from VIO Core', to update the hw_probe properties with the core values.
  3) First restore initial values in the core with the command 'Reset VIO Core Outputs', and then execute the command 'Refresh Input and Output Values from VIO Core'.
run_hw_ila [get_hw_ilas -of_objects [get_hw_devices xc7a35t_0] -filter {CELL_NAME=~"u_ila"}]
INFO: [Labtools 27-1964] The ILA core 'hw_ila_1' trigger was armed at 2019-Oct-19 17:05:21
wait_on_hw_ila [get_hw_ilas -of_objects [get_hw_devices xc7a35t_0] -filter {CELL_NAME=~"u_ila"}]
display_hw_ila_data [upload_hw_ila_data [get_hw_ilas -of_objects [get_hw_devices xc7a35t_0] -filter {CELL_NAME=~"u_ila"}]]
INFO: [Labtools 27-1966] The ILA core 'hw_ila_1' triggered at 2019-Oct-19 17:05:21
INFO: [Labtools 27-3304] ILA Waveform data saved to file G:/deverlopboard/a35t_code/hdmi_rx_it6802_tohdmi/hdmi_rx_it6802.hw/backup/hw_ila_data_1.ila. Use Tcl command 'import_hw_ila_data' or Vivado File->Import->Import ILA Data menu item to import the previously saved data.
run_hw_ila [get_hw_ilas -of_objects [get_hw_devices xc7a35t_0] -filter {CELL_NAME=~"u_ila"}]
INFO: [Labtools 27-1964] The ILA core 'hw_ila_1' trigger was armed at 2019-Oct-19 17:05:25
wait_on_hw_ila [get_hw_ilas -of_objects [get_hw_devices xc7a35t_0] -filter {CELL_NAME=~"u_ila"}]
display_hw_ila_data [upload_hw_ila_data [get_hw_ilas -of_objects [get_hw_devices xc7a35t_0] -filter {CELL_NAME=~"u_ila"}]]
ERROR: [Labtools 27-3312] Data read from hw_ila [hw_ila_1] is corrupted. Unable to upload waveform.
ERROR: [Labtoolstcl 44-513] HW Target shutdown. Closing target: localhost:3121/xilinx_tcf/Digilent/210299011758
INFO: [Labtoolstcl 44-466] Opening hw_target localhost:3121/xilinx_tcf/Digilent/210299011758
INFO: [Labtools 27-1435] Device xc7a35t (JTAG device index = 0) is not programmed (DONE status = 0).
WARNING: [Labtoolstcl 44-129] No matching hw_ila_data was found.
ERROR: [Labtoolstcl 44-513] HW Target shutdown. Closing target: localhost:3121/xilinx_tcf/Digilent/210299011758
exit
INFO: [Common 17-206] Exiting Vivado at Sat Oct 19 17:35:24 2019...
